# Logfile created on 2014-01-18 16:17:56 -0500 by logger.rb/36483
I, [2014-01-18T16:17:56.034115 #50987]  INFO -- : 0:  rake (10.0.4) from /Users/rmerrill/.rbenv/versions/2.0.0-p247/lib/ruby/gems/2.0.0/specifications/rake-10.0.4.gemspec
I, [2014-01-18T16:17:56.034462 #50987]  INFO -- : 0:  i18n (0.6.1) from /Users/rmerrill/.rbenv/versions/2.0.0-p247/lib/ruby/gems/2.0.0/specifications/i18n-0.6.1.gemspec
I, [2014-01-18T16:17:56.034689 #50987]  INFO -- : 0:  multi_json (1.7.7) from /Users/rmerrill/.rbenv/versions/2.0.0-p247/lib/ruby/gems/2.0.0/specifications/multi_json-1.7.7.gemspec
I, [2014-01-18T16:17:56.034899 #50987]  INFO -- : 0:  activesupport (3.2.13) from /Users/rmerrill/.rbenv/versions/2.0.0-p247/lib/ruby/gems/2.0.0/specifications/activesupport-3.2.13.gemspec
I, [2014-01-18T16:17:56.035098 #50987]  INFO -- : 0:  sass (3.2.12) from /Users/rmerrill/.rbenv/versions/2.0.0-p247/lib/ruby/gems/2.0.0/specifications/sass-3.2.12.gemspec
I, [2014-01-18T16:17:56.035289 #50987]  INFO -- : 0:  bootstrap-sass (3.0.0.0) from /Users/rmerrill/.rbenv/versions/2.0.0-p247/lib/ruby/gems/2.0.0/specifications/bootstrap-sass-3.0.0.0.gemspec
I, [2014-01-18T16:17:56.035478 #50987]  INFO -- : 0:  chunky_png (1.2.8) from /Users/rmerrill/.rbenv/versions/2.0.0-p247/lib/ruby/gems/2.0.0/specifications/chunky_png-1.2.8.gemspec
I, [2014-01-18T16:17:56.035662 #50987]  INFO -- : 0:  coffee-script-source (1.3.3) from /Users/rmerrill/.rbenv/versions/2.0.0-p247/lib/ruby/gems/2.0.0/specifications/coffee-script-source-1.3.3.gemspec
I, [2014-01-18T16:17:56.035838 #50987]  INFO -- : 0:  execjs (1.4.0) from /Users/rmerrill/.rbenv/versions/2.0.0-p247/lib/ruby/gems/2.0.0/specifications/execjs-1.4.0.gemspec
I, [2014-01-18T16:17:56.036009 #50987]  INFO -- : 0:  coffee-script (2.2.0) from /Users/rmerrill/.rbenv/versions/2.0.0-p247/lib/ruby/gems/2.0.0/specifications/coffee-script-2.2.0.gemspec
I, [2014-01-18T16:17:56.036181 #50987]  INFO -- : 0:  fssm (0.2.10) from /Users/rmerrill/.rbenv/versions/2.0.0-p247/lib/ruby/gems/2.0.0/specifications/fssm-0.2.10.gemspec
I, [2014-01-18T16:17:56.036348 #50987]  INFO -- : 0:  compass (0.12.2) from /Users/rmerrill/.rbenv/versions/2.0.0-p247/lib/ruby/gems/2.0.0/specifications/compass-0.12.2.gemspec
I, [2014-01-18T16:17:56.036515 #50987]  INFO -- : 0:  eventmachine (1.0.3) from /Users/rmerrill/.rbenv/versions/2.0.0-p247/lib/ruby/gems/2.0.0/specifications/eventmachine-1.0.3.gemspec
I, [2014-01-18T16:17:56.036680 #50987]  INFO -- : 0:  http_parser.rb (0.5.3) from /Users/rmerrill/.rbenv/versions/2.0.0-p247/lib/ruby/gems/2.0.0/specifications/http_parser.rb-0.5.3.gemspec
I, [2014-01-18T16:17:56.036847 #50987]  INFO -- : 0:  em-websocket (0.5.0) from /Users/rmerrill/.rbenv/versions/2.0.0-p247/lib/ruby/gems/2.0.0/specifications/em-websocket-0.5.0.gemspec
I, [2014-01-18T16:17:56.037079 #50987]  INFO -- : 0:  tilt (1.3.7) from /Users/rmerrill/.rbenv/versions/2.0.0-p247/lib/ruby/gems/2.0.0/specifications/tilt-1.3.7.gemspec
I, [2014-01-18T16:17:56.037256 #50987]  INFO -- : 0:  haml (4.0.3) from /Users/rmerrill/.rbenv/versions/2.0.0-p247/lib/ruby/gems/2.0.0/specifications/haml-4.0.3.gemspec
I, [2014-01-18T16:17:56.037423 #50987]  INFO -- : 0:  hike (1.2.3) from /Users/rmerrill/.rbenv/versions/2.0.0-p247/lib/ruby/gems/2.0.0/specifications/hike-1.2.3.gemspec
I, [2014-01-18T16:17:56.037594 #50987]  INFO -- : 0:  rack (1.4.5) from /Users/rmerrill/.rbenv/versions/2.0.0-p247/lib/ruby/gems/2.0.0/specifications/rack-1.4.5.gemspec
I, [2014-01-18T16:17:56.037761 #50987]  INFO -- : 0:  url_mount (0.2.1) from /Users/rmerrill/.rbenv/versions/2.0.0-p247/lib/ruby/gems/2.0.0/specifications/url_mount-0.2.1.gemspec
I, [2014-01-18T16:17:56.037927 #50987]  INFO -- : 0:  http_router (0.10.2) from /Users/rmerrill/.rbenv/versions/2.0.0-p247/lib/ruby/gems/2.0.0/specifications/http_router-0.10.2.gemspec
I, [2014-01-18T16:17:56.038095 #50987]  INFO -- : 0:  httpclient (2.3.3) from /Users/rmerrill/.rbenv/versions/2.0.0-p247/lib/ruby/gems/2.0.0/specifications/httpclient-2.3.3.gemspec
I, [2014-01-18T16:17:56.038266 #50987]  INFO -- : 0:  json (1.8.0) from /Users/rmerrill/.rbenv/versions/2.0.0-p247/lib/ruby/gems/2.0.0/specifications/json-1.8.0.gemspec
I, [2014-01-18T16:17:56.038494 #50987]  INFO -- : 0:  listen (0.7.3) from /Users/rmerrill/.rbenv/versions/2.0.0-p247/lib/ruby/gems/2.0.0/specifications/listen-0.7.3.gemspec
I, [2014-01-18T16:17:56.038752 #50987]  INFO -- : 0:  syntax (1.0.0) from /Users/rmerrill/.rbenv/versions/2.0.0-p247/lib/ruby/gems/2.0.0/specifications/syntax-1.0.0.gemspec
I, [2014-01-18T16:17:56.038946 #50987]  INFO -- : 0:  maruku (0.6.1) from /Users/rmerrill/.rbenv/versions/2.0.0-p247/lib/ruby/gems/2.0.0/specifications/maruku-0.6.1.gemspec
I, [2014-01-18T16:17:56.039109 #50987]  INFO -- : 0:  bundler (1.5.1) from /Users/rmerrill/.rbenv/versions/2.0.0-p247/lib/ruby/gems/2.0.0/specifications/bundler-1.5.1.gemspec
I, [2014-01-18T16:17:56.039290 #50987]  INFO -- : 0:  rack-test (0.6.2) from /Users/rmerrill/.rbenv/versions/2.0.0-p247/lib/ruby/gems/2.0.0/specifications/rack-test-0.6.2.gemspec
I, [2014-01-18T16:17:56.039475 #50987]  INFO -- : 0:  rb-fsevent (0.9.3) from /Users/rmerrill/.rbenv/versions/2.0.0-p247/lib/ruby/gems/2.0.0/specifications/rb-fsevent-0.9.3.gemspec
I, [2014-01-18T16:17:56.039660 #50987]  INFO -- : 0:  thor (0.15.4) from /Users/rmerrill/.rbenv/versions/2.0.0-p247/lib/ruby/gems/2.0.0/specifications/thor-0.15.4.gemspec
I, [2014-01-18T16:17:56.039843 #50987]  INFO -- : 0:  middleman-core (3.0.14) from /Users/rmerrill/.rbenv/versions/2.0.0-p247/lib/ruby/gems/2.0.0/specifications/middleman-core-3.0.14.gemspec
I, [2014-01-18T16:17:56.040017 #50987]  INFO -- : 0:  rack-protection (1.5.0) from /Users/rmerrill/.rbenv/versions/2.0.0-p247/lib/ruby/gems/2.0.0/specifications/rack-protection-1.5.0.gemspec
I, [2014-01-18T16:17:56.040190 #50987]  INFO -- : 0:  sinatra (1.3.6) from /Users/rmerrill/.rbenv/versions/2.0.0-p247/lib/ruby/gems/2.0.0/specifications/sinatra-1.3.6.gemspec
I, [2014-01-18T16:17:56.040364 #50987]  INFO -- : 0:  padrino-core (0.10.7) from /Users/rmerrill/.rbenv/versions/2.0.0-p247/lib/ruby/gems/2.0.0/specifications/padrino-core-0.10.7.gemspec
I, [2014-01-18T16:17:56.040628 #50987]  INFO -- : 0:  padrino-helpers (0.10.7) from /Users/rmerrill/.rbenv/versions/2.0.0-p247/lib/ruby/gems/2.0.0/specifications/padrino-helpers-0.10.7.gemspec
I, [2014-01-18T16:17:56.040845 #50987]  INFO -- : 0:  uglifier (1.2.7) from /Users/rmerrill/.rbenv/versions/2.0.0-p247/lib/ruby/gems/2.0.0/specifications/uglifier-1.2.7.gemspec
I, [2014-01-18T16:17:56.041025 #50987]  INFO -- : 0:  middleman-more (3.0.14) from /Users/rmerrill/.rbenv/versions/2.0.0-p247/lib/ruby/gems/2.0.0/specifications/middleman-more-3.0.14.gemspec
I, [2014-01-18T16:17:56.041206 #50987]  INFO -- : 0:  sprockets (2.2.2) from /Users/rmerrill/.rbenv/versions/2.0.0-p247/lib/ruby/gems/2.0.0/specifications/sprockets-2.2.2.gemspec
I, [2014-01-18T16:17:56.041381 #50987]  INFO -- : 0:  sprockets-helpers (1.0.1) from /Users/rmerrill/.rbenv/versions/2.0.0-p247/lib/ruby/gems/2.0.0/specifications/sprockets-helpers-1.0.1.gemspec
I, [2014-01-18T16:17:56.041558 #50987]  INFO -- : 0:  sprockets-sass (1.0.1) from /Users/rmerrill/.rbenv/versions/2.0.0-p247/lib/ruby/gems/2.0.0/specifications/sprockets-sass-1.0.1.gemspec
I, [2014-01-18T16:17:56.041737 #50987]  INFO -- : 0:  middleman-sprockets (3.1.2) from /Users/rmerrill/.rbenv/versions/2.0.0-p247/lib/ruby/gems/2.0.0/specifications/middleman-sprockets-3.1.2.gemspec
I, [2014-01-18T16:17:56.041913 #50987]  INFO -- : 0:  middleman (3.0.14) from /Users/rmerrill/.rbenv/versions/2.0.0-p247/lib/ruby/gems/2.0.0/specifications/middleman-3.0.14.gemspec
I, [2014-01-18T16:17:56.042082 #50987]  INFO -- : 0:  rack-livereload (0.3.15) from /Users/rmerrill/.rbenv/versions/2.0.0-p247/lib/ruby/gems/2.0.0/specifications/rack-livereload-0.3.15.gemspec
I, [2014-01-18T16:17:56.042254 #50987]  INFO -- : 0:  middleman-livereload (3.0.1) from /Users/rmerrill/.rbenv/versions/2.0.0-p247/lib/ruby/gems/2.0.0/specifications/middleman-livereload-3.0.1.gemspec
I, [2014-01-18T16:17:56.042425 #50987]  INFO -- : 0:  smusher (0.4.9) from /Users/rmerrill/.rbenv/versions/2.0.0-p247/lib/ruby/gems/2.0.0/specifications/smusher-0.4.9.gemspec
I, [2014-01-18T16:17:56.042612 #50987]  INFO -- : 0:  middleman-smusher (3.0.0) from /Users/rmerrill/.rbenv/versions/2.0.0-p247/lib/ruby/gems/2.0.0/specifications/middleman-smusher-3.0.0.gemspec
I, [2014-01-18T16:17:56.042788 #50987]  INFO -- : 0:  susy (1.0.8) from /Users/rmerrill/.rbenv/versions/2.0.0-p247/lib/ruby/gems/2.0.0/specifications/susy-1.0.8.gemspec
